rl-sideswipe-access/android/app/build/intermediates/manifest_merge_blame_file/release/processReleaseMainManifest/manifest-merger-blame-release-report.txt
1<?xml version="1.0" encoding="utf-8"?>
2<manifest xmlns:android="http://schemas.android.com/apk/res/android"
3    package="com.rlsideswipe.access"
4    android:versionCode="18"
5    android:versionName="2.25" >
6
7    <uses-sdk
8        android:minSdkVersion="30"
9        android:targetSdkVersion="34" />
10
11    <uses-permission android:name="android.permission.SYSTEM_ALERT_WINDOW" />
11-->src/main/AndroidManifest.xml:3:5-78
11-->src/main/AndroidManifest.xml:3:22-75
12    <uses-permission android:name="android.permission.FOREGROUND_SERVICE" />
12-->src/main/AndroidManifest.xml:4:5-77
12-->src/main/AndroidManifest.xml:4:22-74
13    <uses-permission android:name="android.permission.FOREGROUND_SERVICE_MEDIA_PROJECTION" />
13-->src/main/AndroidManifest.xml:5:5-94
13-->src/main/AndroidManifest.xml:5:22-91
14    <uses-permission android:name="android.permission.VIBRATE" />
14-->src/main/AndroidManifest.xml:6:5-66
14-->src/main/AndroidManifest.xml:6:22-63
15    <uses-permission android:name="android.permission.RECORD_AUDIO" />
15-->src/main/AndroidManifest.xml:7:5-71
15-->src/main/AndroidManifest.xml:7:22-68
16    <uses-permission android:name="android.permission.WAKE_LOCK" />
16-->src/main/AndroidManifest.xml:8:5-68
16-->src/main/AndroidManifest.xml:8:22-65
17    <uses-permission android:name="android.permission.POST_NOTIFICATIONS" />
17-->src/main/AndroidManifest.xml:9:5-77
17-->src/main/AndroidManifest.xml:9:22-74
18    <uses-permission android:name="android.permission.REQUEST_IGNORE_BATTERY_OPTIMIZATIONS" />
18-->src/main/AndroidManifest.xml:10:5-95
18-->src/main/AndroidManifest.xml:10:22-92
19
20    <permission
20-->[androidx.core:core:1.13.1] AndroidManifest.xml:22:5-24:47
21        android:name="com.rlsideswipe.access.DYNAMIC_RECEIVER_NOT_EXPORTED_PERMISSION"
21-->[androidx.core:core:1.13.1] AndroidManifest.xml:23:9-81
22        android:protectionLevel="signature" />
22-->[androidx.core:core:1.13.1] AndroidManifest.xml:24:9-44
23
24    <uses-permission android:name="com.rlsideswipe.access.DYNAMIC_RECEIVER_NOT_EXPORTED_PERMISSION" /> <!-- Although the *SdkVersion is captured in gradle build files, this is required for non gradle builds -->
24-->[androidx.core:core:1.13.1] AndroidManifest.xml:26:5-97
24-->[androidx.core:core:1.13.1] AndroidManifest.xml:26:22-94
25    <!-- <uses-sdk android:minSdkVersion="14"/> -->
26    <uses-permission android:name="android.permission.ACCESS_NETWORK_STATE" />
26-->[com.google.android.datatransport:transport-backend-cct:3.1.0] AndroidManifest.xml:25:5-79
26-->[com.google.android.datatransport:transport-backend-cct:3.1.0] AndroidManifest.xml:25:22-76
27    <uses-permission android:name="android.permission.INTERNET" />
27-->[com.google.android.datatransport:transport-backend-cct:3.1.0] AndroidManifest.xml:26:5-67
27-->[com.google.android.datatransport:transport-backend-cct:3.1.0] AndroidManifest.xml:26:22-64
28
29    <application
29-->src/main/AndroidManifest.xml:12:5-55:19
30        android:name="com.rlsideswipe.access.MainApplication"
30-->src/main/AndroidManifest.xml:13:9-40
31        android:allowBackup="false"
31-->src/main/AndroidManifest.xml:17:9-36
32        android:appComponentFactory="androidx.core.app.CoreComponentFactory"
32-->[androidx.core:core:1.13.1] AndroidManifest.xml:28:18-86
33        android:extractNativeLibs="false"
34        android:icon="@mipmap/ic_launcher"
34-->src/main/AndroidManifest.xml:15:9-43
35        android:label="@string/app_name"
35-->src/main/AndroidManifest.xml:14:9-41
36        android:networkSecurityConfig="@xml/network_security_config"
36-->src/main/AndroidManifest.xml:19:9-69
37        android:roundIcon="@mipmap/ic_launcher_round"
37-->src/main/AndroidManifest.xml:16:9-54
38        android:theme="@style/AppTheme" >
38-->src/main/AndroidManifest.xml:18:9-40
39        <activity
39-->src/main/AndroidManifest.xml:21:9-32:20
40            android:name="com.rlsideswipe.access.MainActivity"
40-->src/main/AndroidManifest.xml:22:13-41
41            android:exported="true"
41-->src/main/AndroidManifest.xml:23:13-36
42            android:launchMode="singleTop"
42-->src/main/AndroidManifest.xml:24:13-43
43            android:screenOrientation="portrait"
43-->src/main/AndroidManifest.xml:27:13-49
44            android:theme="@style/AppTheme"
44-->src/main/AndroidManifest.xml:25:13-44
45            android:windowSoftInputMode="adjustResize" >
45-->src/main/AndroidManifest.xml:26:13-55
46            <intent-filter>
46-->src/main/AndroidManifest.xml:28:13-31:29
47                <action android:name="android.intent.action.MAIN" />
47-->src/main/AndroidManifest.xml:29:17-69
47-->src/main/AndroidManifest.xml:29:25-66
48
49                <category android:name="android.intent.category.LAUNCHER" />
49-->src/main/AndroidManifest.xml:30:17-77
49-->src/main/AndroidManifest.xml:30:27-74
50            </intent-filter>
51        </activity>
52
53        <service
53-->src/main/AndroidManifest.xml:34:9-44:19
54            android:name="com.rlsideswipe.access.service.MainAccessibilityService"
54-->src/main/AndroidManifest.xml:35:13-61
55            android:exported="true"
55-->src/main/AndroidManifest.xml:37:13-36
56            android:permission="android.permission.BIND_ACCESSIBILITY_SERVICE" >
56-->src/main/AndroidManifest.xml:36:13-79
57            <intent-filter>
57-->src/main/AndroidManifest.xml:38:13-40:29
58                <action android:name="android.accessibilityservice.AccessibilityService" />
58-->src/main/AndroidManifest.xml:39:17-92
58-->src/main/AndroidManifest.xml:39:25-89
59            </intent-filter>
60
61            <meta-data
61-->src/main/AndroidManifest.xml:41:13-43:72
62                android:name="android.accessibilityservice"
62-->src/main/AndroidManifest.xml:42:17-60
63                android:resource="@xml/accessibility_service_config" />
63-->src/main/AndroidManifest.xml:43:17-69
64        </service>
65        <service
65-->src/main/AndroidManifest.xml:46:9-49:40
66            android:name="com.rlsideswipe.access.service.ScreenCaptureService"
66-->src/main/AndroidManifest.xml:47:13-57
67            android:exported="false"
67-->src/main/AndroidManifest.xml:49:13-37
68            android:foregroundServiceType="mediaProjection" />
68-->src/main/AndroidManifest.xml:48:13-60
69        <service
69-->src/main/AndroidManifest.xml:51:9-54:40
70            android:name="com.rlsideswipe.access.service.PredictionOverlayService"
70-->src/main/AndroidManifest.xml:52:13-61
71            android:exported="false"
71-->src/main/AndroidManifest.xml:54:13-37
72            android:foregroundServiceType="specialUse" />
72-->src/main/AndroidManifest.xml:53:13-55
73
74        <provider
74-->[androidx.emoji2:emoji2:1.3.0] AndroidManifest.xml:24:9-32:20
75            android:name="androidx.startup.InitializationProvider"
75-->[androidx.emoji2:emoji2:1.3.0] AndroidManifest.xml:25:13-67
76            android:authorities="com.rlsideswipe.access.androidx-startup"
76-->[androidx.emoji2:emoji2:1.3.0] AndroidManifest.xml:26:13-68
77            android:exported="false" >
77-->[androidx.emoji2:emoji2:1.3.0] AndroidManifest.xml:27:13-37
78            <meta-data
78-->[androidx.emoji2:emoji2:1.3.0] AndroidManifest.xml:29:13-31:52
79                android:name="androidx.emoji2.text.EmojiCompatInitializer"
79-->[androidx.emoji2:emoji2:1.3.0] AndroidManifest.xml:30:17-75
80                android:value="androidx.startup" />
80-->[androidx.emoji2:emoji2:1.3.0] AndroidManifest.xml:31:17-49
81            <meta-data
81-->[androidx.lifecycle:lifecycle-process:2.8.4] AndroidManifest.xml:29:13-31:52
82                android:name="androidx.lifecycle.ProcessLifecycleInitializer"
82-->[androidx.lifecycle:lifecycle-process:2.8.4] AndroidManifest.xml:30:17-78
83                android:value="androidx.startup" />
83-->[androidx.lifecycle:lifecycle-process:2.8.4] AndroidManifest.xml:31:17-49
84            <meta-data
84-->[androidx.profileinstaller:profileinstaller:1.3.1] AndroidManifest.xml:29:13-31:52
85                android:name="androidx.profileinstaller.ProfileInstallerInitializer"
85-->[androidx.profileinstaller:profileinstaller:1.3.1] AndroidManifest.xml:30:17-85
86                android:value="androidx.startup" />
86-->[androidx.profileinstaller:profileinstaller:1.3.1] AndroidManifest.xml:31:17-49
87        </provider>
88
89        <receiver
89-->[androidx.profileinstaller:profileinstaller:1.3.1] AndroidManifest.xml:34:9-52:20
90            android:name="androidx.profileinstaller.ProfileInstallReceiver"
90-->[androidx.profileinstaller:profileinstaller:1.3.1] AndroidManifest.xml:35:13-76
91            android:directBootAware="false"
91-->[androidx.profileinstaller:profileinstaller:1.3.1] AndroidManifest.xml:36:13-44
92            android:enabled="true"
92-->[androidx.profileinstaller:profileinstaller:1.3.1] AndroidManifest.xml:37:13-35
93            android:exported="true"
93-->[androidx.profileinstaller:profileinstaller:1.3.1] AndroidManifest.xml:38:13-36
94            android:permission="android.permission.DUMP" >
94-->[androidx.profileinstaller:profileinstaller:1.3.1] AndroidManifest.xml:39:13-57
95            <intent-filter>
95-->[androidx.profileinstaller:profileinstaller:1.3.1] AndroidManifest.xml:40:13-42:29
96                <action android:name="androidx.profileinstaller.action.INSTALL_PROFILE" />
96-->[androidx.profileinstaller:profileinstaller:1.3.1] AndroidManifest.xml:41:17-91
96-->[androidx.profileinstaller:profileinstaller:1.3.1] AndroidManifest.xml:41:25-88
97            </intent-filter>
98            <intent-filter>
98-->[androidx.profileinstaller:profileinstaller:1.3.1] AndroidManifest.xml:43:13-45:29
99                <action android:name="androidx.profileinstaller.action.SKIP_FILE" />
99-->[androidx.profileinstaller:profileinstaller:1.3.1] AndroidManifest.xml:44:17-85
99-->[androidx.profileinstaller:profileinstaller:1.3.1] AndroidManifest.xml:44:25-82
100            </intent-filter>
101            <intent-filter>
101-->[androidx.profileinstaller:profileinstaller:1.3.1] AndroidManifest.xml:46:13-48:29
102                <action android:name="androidx.profileinstaller.action.SAVE_PROFILE" />
102-->[androidx.profileinstaller:profileinstaller:1.3.1] AndroidManifest.xml:47:17-88
102-->[androidx.profileinstaller:profileinstaller:1.3.1] AndroidManifest.xml:47:25-85
103            </intent-filter>
104            <intent-filter>
104-->[androidx.profileinstaller:profileinstaller:1.3.1] AndroidManifest.xml:49:13-51:29
105                <action android:name="androidx.profileinstaller.action.BENCHMARK_OPERATION" />
105-->[androidx.profileinstaller:profileinstaller:1.3.1] AndroidManifest.xml:50:17-95
105-->[androidx.profileinstaller:profileinstaller:1.3.1] AndroidManifest.xml:50:25-92
106            </intent-filter>
107        </receiver>
108
109        <service
109-->[com.google.android.datatransport:transport-backend-cct:3.1.0] AndroidManifest.xml:29:9-35:19
110            android:name="com.google.android.datatransport.runtime.backends.TransportBackendDiscovery"
110-->[com.google.android.datatransport:transport-backend-cct:3.1.0] AndroidManifest.xml:30:13-103
111            android:exported="false" >
111-->[com.google.android.datatransport:transport-backend-cct:3.1.0] AndroidManifest.xml:31:13-37
112            <meta-data
112-->[com.google.android.datatransport:transport-backend-cct:3.1.0] AndroidManifest.xml:32:13-34:39
113                android:name="backend:com.google.android.datatransport.cct.CctBackendFactory"
113-->[com.google.android.datatransport:transport-backend-cct:3.1.0] AndroidManifest.xml:33:17-94
114                android:value="cct" />
114-->[com.google.android.datatransport:transport-backend-cct:3.1.0] AndroidManifest.xml:34:17-36
115        </service>
116        <service
116-->[com.google.android.datatransport:transport-runtime:3.1.0] AndroidManifest.xml:26:9-30:19
117            android:name="com.google.android.datatransport.runtime.scheduling.jobscheduling.JobInfoSchedulerService"
117-->[com.google.android.datatransport:transport-runtime:3.1.0] AndroidManifest.xml:27:13-117
118            android:exported="false"
118-->[com.google.android.datatransport:transport-runtime:3.1.0] AndroidManifest.xml:28:13-37
119            android:permission="android.permission.BIND_JOB_SERVICE" >
119-->[com.google.android.datatransport:transport-runtime:3.1.0] AndroidManifest.xml:29:13-69
120        </service>
121
122        <receiver
122-->[com.google.android.datatransport:transport-runtime:3.1.0] AndroidManifest.xml:32:9-34:40
123            android:name="com.google.android.datatransport.runtime.scheduling.jobscheduling.AlarmManagerSchedulerBroadcastReceiver"
123-->[com.google.android.datatransport:transport-runtime:3.1.0] AndroidManifest.xml:33:13-132
124            android:exported="false" />
124-->[com.google.android.datatransport:transport-runtime:3.1.0] AndroidManifest.xml:34:13-37
125
126        <meta-data
126-->[com.facebook.soloader:soloader:0.10.5] AndroidManifest.xml:12:9-14:37
127            android:name="com.facebook.soloader.enabled"
127-->[com.facebook.soloader:soloader:0.10.5] AndroidManifest.xml:13:13-57
128            android:value="false" />
128-->[com.facebook.soloader:soloader:0.10.5] AndroidManifest.xml:14:13-34
129    </application>
130
131</manifest>